::1 - - [25/Oct/2021:15:41:08 +0000] "POST /api/login HTTP/1.1" 401 36 "-" "PostmanRuntime/7.28.0"
::1 - - [26/Oct/2021:01:41:28 +0000] "GET /api/getimage HTTP/1.1" 401 13 "-" "PostmanRuntime/7.28.0"
::1 - - [26/Oct/2021:01:43:36 +0000] "GET /api/update?id=61754687b515d66321df9dcd HTTP/1.1" 500 26 "-" "PostmanRuntime/7.28.0"
::1 - - [26/Oct/2021:01:44:13 +0000] "GET /api/update?id=61754687b515d66321df9dcd HTTP/1.1" 500 26 "-" "PostmanRuntime/7.28.0"
::1 - - [26/Oct/2021:02:07:06 +0000] "GET /public/image/3a7adc3e-3afc-41a9-8531-e8bee3bc730fimage.png HTTP/1.1" 500 26 "-" "Mozilla/5.0 (Windows NT 10.0; Win64; x64) AppleWebKit/537.36 (KHTML, like Gecko) Chrome/95.0.4638.54 Safari/537.36 Edg/95.0.1020.30"
::1 - - [26/Oct/2021:02:07:07 +0000] "GET /favicon.ico HTTP/1.1" 500 26 "http://localhost:8080/public/image/3a7adc3e-3afc-41a9-8531-e8bee3bc730fimage.png" "Mozilla/5.0 (Windows NT 10.0; Win64; x64) AppleWebKit/537.36 (KHTML, like Gecko) Chrome/95.0.4638.54 Safari/537.36 Edg/95.0.1020.30"
::1 - - [26/Oct/2021:02:07:53 +0000] "GET /favicon.ico HTTP/1.1" 500 26 "http://localhost:8080/public/image/3a7adc3e-3afc-41a9-8531-e8bee3bc730fimage.png" "Mozilla/5.0 (Windows NT 10.0; Win64; x64) AppleWebKit/537.36 (KHTML, like Gecko) Chrome/95.0.4638.54 Safari/537.36 Edg/95.0.1020.30"
::1 - - [26/Oct/2021:02:52:53 +0000] "POST /api/delete HTTP/1.1" 500 47 "-" "PostmanRuntime/7.28.0"
::1 - - [26/Oct/2021:02:53:15 +0000] "POST /api/delete HTTP/1.1" 500 55 "-" "PostmanRuntime/7.28.0"
::1 - - [26/Oct/2021:02:53:50 +0000] "POST /api/delete HTTP/1.1" 500 55 "-" "PostmanRuntime/7.28.0"
::1 - - [26/Oct/2021:02:54:09 +0000] "POST /api/delete HTTP/1.1" 500 56 "-" "PostmanRuntime/7.28.0"
::1 - - [26/Oct/2021:02:54:21 +0000] "POST /api/delete HTTP/1.1" 500 53 "-" "PostmanRuntime/7.28.0"
::1 - - [26/Oct/2021:02:57:02 +0000] "POST /api/delete HTTP/1.1" 500 106 "-" "PostmanRuntime/7.28.0"
::1 - - [26/Oct/2021:02:57:37 +0000] "POST /api/delete HTTP/1.1" 500 52 "-" "PostmanRuntime/7.28.0"
::1 - - [26/Oct/2021:02:58:19 +0000] "POST /api/delete HTTP/1.1" 500 65 "-" "PostmanRuntime/7.28.0"
::1 - - [26/Oct/2021:17:04:59 +0000] "GET /favicon.ico HTTP/1.1" 500 26 "http://localhost:8080/public/image/05121004-5463-4b26-9ee9-018b03f1106fimage.png" "Mozilla/5.0 (Windows NT 10.0; Win64; x64) AppleWebKit/537.36 (KHTML, like Gecko) Chrome/95.0.4638.54 Safari/537.36 Edg/95.0.1020.30"
::1 - - [27/Oct/2021:01:37:42 +0000] "GET /favicon.ico HTTP/1.1" 500 26 "http://localhost:8080/public/image/05121004-5463-4b26-9ee9-018b03f1106fimage.png" "Mozilla/5.0 (Windows NT 10.0; Win64; x64) AppleWebKit/537.36 (KHTML, like Gecko) Chrome/95.0.4638.54 Safari/537.36 Edg/95.0.1020.30"
::1 - - [27/Oct/2021:01:51:09 +0000] "GET /public/image/05121004-5463-4b26-9ee9-018b03f1106fimage.png HTTP/1.1" 500 26 "-" "Mozilla/5.0 (Windows NT 10.0; Win64; x64) AppleWebKit/537.36 (KHTML, like Gecko) Chrome/95.0.4638.54 Safari/537.36 Edg/95.0.1020.30"
::1 - - [27/Oct/2021:01:51:09 +0000] "GET /favicon.ico HTTP/1.1" 500 26 "http://localhost:8080/public/image/05121004-5463-4b26-9ee9-018b03f1106fimage.png" "Mozilla/5.0 (Windows NT 10.0; Win64; x64) AppleWebKit/537.36 (KHTML, like Gecko) Chrome/95.0.4638.54 Safari/537.36 Edg/95.0.1020.30"
::1 - - [27/Oct/2021:02:03:19 +0000] "GET /public/image/40e097bb-d888-444d-bf74-58e85d0f86c5image.png HTTP/1.1" 500 26 "-" "Mozilla/5.0 (Windows NT 10.0; Win64; x64) AppleWebKit/537.36 (KHTML, like Gecko) Chrome/95.0.4638.54 Safari/537.36 Edg/95.0.1020.30"
::1 - - [27/Oct/2021:02:03:19 +0000] "GET /favicon.ico HTTP/1.1" 500 26 "http://localhost:8080/public/image/40e097bb-d888-444d-bf74-58e85d0f86c5image.png" "Mozilla/5.0 (Windows NT 10.0; Win64; x64) AppleWebKit/537.36 (KHTML, like Gecko) Chrome/95.0.4638.54 Safari/537.36 Edg/95.0.1020.30"
::1 - - [27/Oct/2021:02:03:24 +0000] "GET /public/image/40e097bb-d888-444d-bf74-58e85d0f86c5image.png HTTP/1.1" 500 26 "-" "Mozilla/5.0 (Windows NT 10.0; Win64; x64) AppleWebKit/537.36 (KHTML, like Gecko) Chrome/95.0.4638.54 Safari/537.36 Edg/95.0.1020.30"
::1 - - [27/Oct/2021:02:03:24 +0000] "GET /favicon.ico HTTP/1.1" 500 26 "http://localhost:8080/public/image/40e097bb-d888-444d-bf74-58e85d0f86c5image.png" "Mozilla/5.0 (Windows NT 10.0; Win64; x64) AppleWebKit/537.36 (KHTML, like Gecko) Chrome/95.0.4638.54 Safari/537.36 Edg/95.0.1020.30"
::1 - - [27/Oct/2021:02:06:52 +0000] "GET /favicon.ico HTTP/1.1" 500 26 "http://localhost:8080/public/image/39a5b1a2-13d0-4c45-ba0d-5fa498d5c469image.png" "Mozilla/5.0 (Windows NT 10.0; Win64; x64) AppleWebKit/537.36 (KHTML, like Gecko) Chrome/95.0.4638.54 Safari/537.36 Edg/95.0.1020.30"
::1 - - [27/Oct/2021:02:07:31 +0000] "GET /public/image/39a5b1a2-13d0-4c45-ba0d-5fa498d5c469image.png HTTP/1.1" 500 26 "-" "Mozilla/5.0 (Windows NT 10.0; Win64; x64) AppleWebKit/537.36 (KHTML, like Gecko) Chrome/95.0.4638.54 Safari/537.36 Edg/95.0.1020.30"
::1 - - [27/Oct/2021:02:07:31 +0000] "GET /favicon.ico HTTP/1.1" 500 26 "http://localhost:8080/public/image/39a5b1a2-13d0-4c45-ba0d-5fa498d5c469image.png" "Mozilla/5.0 (Windows NT 10.0; Win64; x64) AppleWebKit/537.36 (KHTML, like Gecko) Chrome/95.0.4638.54 Safari/537.36 Edg/95.0.1020.30"
::1 - - [27/Oct/2021:02:13:20 +0000] "GET /favicon.ico HTTP/1.1" 500 26 "http://localhost:8080/public/image/39a5b1a2-13d0-4c45-ba0d-5fa498d5c469image.png" "Mozilla/5.0 (Windows NT 10.0; Win64; x64) AppleWebKit/537.36 (KHTML, like Gecko) Chrome/95.0.4638.54 Safari/537.36 Edg/95.0.1020.30"
::1 - - [27/Oct/2021:02:16:41 +0000] "GET /favicon.ico HTTP/1.1" 500 26 "http://localhost:8080/public/image/39a5b1a2-13d0-4c45-ba0d-5fa498d5c469image.png" "Mozilla/5.0 (Windows NT 10.0; Win64; x64) AppleWebKit/537.36 (KHTML, like Gecko) Chrome/95.0.4638.54 Safari/537.36 Edg/95.0.1020.30"
::1 - - [27/Oct/2021:02:18:03 +0000] "GET /favicon.ico HTTP/1.1" 500 26 "http://localhost:8080/public/image/39a5b1a2-13d0-4c45-ba0d-5fa498d5c469image.png" "Mozilla/5.0 (Windows NT 10.0; Win64; x64) AppleWebKit/537.36 (KHTML, like Gecko) Chrome/95.0.4638.54 Safari/537.36 Edg/95.0.1020.30"
::1 - - [27/Oct/2021:02:32:44 +0000] "POST /api/delete?id=6178b42b2a47dfb15bf4cbdb HTTP/1.1" 500 122 "-" "PostmanRuntime/7.28.0"
::1 - - [27/Oct/2021:02:33:07 +0000] "POST /api/delete?id=6178b42b2a47dfb15bf4cbdb HTTP/1.1" 500 122 "-" "PostmanRuntime/7.28.0"
::1 - - [27/Oct/2021:02:33:23 +0000] "POST /api/delete?id=6178b42b2a47dfb15bf4cbdb HTTP/1.1" 500 122 "-" "PostmanRuntime/7.28.0"
::1 - - [27/Oct/2021:02:49:16 +0000] "GET /favicon.ico HTTP/1.1" 500 26 "http://localhost:8080/public/image/5a7740fe-661d-4f3e-84d5-7d9c77cb3d3fimage.png" "Mozilla/5.0 (Windows NT 10.0; Win64; x64) AppleWebKit/537.36 (KHTML, like Gecko) Chrome/95.0.4638.54 Safari/537.36 Edg/95.0.1020.30"
::1 - - [27/Oct/2021:16:47:48 +0000] "POST /api/update/6178bdef3afa61519be8c202 HTTP/1.1" 401 13 "-" "PostmanRuntime/7.28.0"
::1 - - [31/Oct/2021:12:10:57 +0000] "GET /api/student-recoard HTTP/1.1" 500 277 "-" "PostmanRuntime/7.28.0"
::1 - - [31/Oct/2021:12:12:46 +0000] "GET /api/student-recoard HTTP/1.1" 500 47 "-" "PostmanRuntime/7.28.0"
::1 - - [31/Oct/2021:12:13:38 +0000] "GET /api/student-recoard HTTP/1.1" 500 22 "-" "PostmanRuntime/7.28.0"
::1 - - [31/Oct/2021:12:13:59 +0000] "GET /api/student-recoard HTTP/1.1" 500 277 "-" "PostmanRuntime/7.28.0"
::1 - - [31/Oct/2021:12:17:26 +0000] "GET /api/student-recoard/1 HTTP/1.1" 500 277 "-" "PostmanRuntime/7.28.0"
::1 - - [31/Oct/2021:12:18:45 +0000] "GET /api/student-recoard/1 HTTP/1.1" 500 48 "-" "PostmanRuntime/7.28.0"
::1 - - [31/Oct/2021:12:19:30 +0000] "GET /api/student-recoard/1 HTTP/1.1" 500 19 "-" "PostmanRuntime/7.28.0"
::1 - - [31/Oct/2021:12:31:52 +0000] "GET /api/student-recoard/1 HTTP/1.1" 500 44 "-" "PostmanRuntime/7.28.0"
::1 - - [31/Oct/2021:12:32:18 +0000] "GET /api/student-recoard/1 HTTP/1.1" 500 41 "-" "PostmanRuntime/7.28.0"
::1 - - [31/Oct/2021:12:32:44 +0000] "GET /api/student-recoard/1 HTTP/1.1" 500 41 "-" "PostmanRuntime/7.28.0"
::1 - - [31/Oct/2021:12:33:32 +0000] "GET /api/student-recoard/1 HTTP/1.1" 500 277 "-" "PostmanRuntime/7.28.0"
::1 - - [31/Oct/2021:13:32:58 +0000] "GET /api/student-recoard/1 HTTP/1.1" 401 13 "-" "PostmanRuntime/7.28.0"
::1 - - [31/Oct/2021:13:33:22 +0000] "GET /api/student-recoard HTTP/1.1" 500 26 "-" "PostmanRuntime/7.28.0"
::1 - - [31/Oct/2021:13:33:50 +0000] "GET /api/student-recoard HTTP/1.1" 500 26 "-" "PostmanRuntime/7.28.0"
::1 - - [31/Oct/2021:13:34:03 +0000] "GET /api/student-recoard HTTP/1.1" 500 26 "-" "PostmanRuntime/7.28.0"
::1 - - [31/Oct/2021:13:34:30 +0000] "GET /api/student-recoard HTTP/1.1" 500 26 "-" "PostmanRuntime/7.28.0"
::1 - - [04/Nov/2021:11:15:40 +0000] "POST /api/create-student HTTP/1.1" 500 26 "-" "PostmanRuntime/7.28.0"
::1 - - [04/Nov/2021:11:16:23 +0000] "GET /api/user-recoard HTTP/1.1" 401 13 "-" "PostmanRuntime/7.28.0"
::1 - - [04/Nov/2021:11:17:46 +0000] "GET /api/update-student/617e9af0d499f8c09b81340f HTTP/1.1" 500 26 "-" "PostmanRuntime/7.28.0"
::1 - - [04/Nov/2021:11:20:53 +0000] "GET /api/get-user/617e9af0d499f8c09b81340f HTTP/1.1" 500 26 "-" "PostmanRuntime/7.28.0"
